<?xml version="1.0" encoding="UTF-8"?>
<testng-results ignored="0" total="3" passed="3" failed="0" skipped="0">
  <reporter-output>
  </reporter-output>
  <suite started-at="2023-02-23T17:25:24 IST" name="Default suite" finished-at="2023-02-23T17:25:24 IST" duration-ms="119">
    <groups>
    </groups>
    <test started-at="2023-02-23T17:25:24 IST" name="Default test" finished-at="2023-02-23T17:25:24 IST" duration-ms="119">
      <class name="Demo.TestNGpriority">
        <test-method signature="four()[pri:0, instance:Demo.TestNGpriority@7a419da4]" started-at="2023-02-23T17:25:24 IST" name="four" finished-at="2023-02-23T17:25:24 IST" duration-ms="25" status="PASS">
          <reporter-output>
          </reporter-output>
        </test-method> <!-- four -->
        <test-method signature="one()[pri:1, instance:Demo.TestNGpriority@7a419da4]" started-at="2023-02-23T17:25:24 IST" name="one" finished-at="2023-02-23T17:25:24 IST" duration-ms="8" status="PASS">
          <reporter-output>
          </reporter-output>
        </test-method> <!-- one -->
        <test-method signature="three()[pri:2, instance:Demo.TestNGpriority@7a419da4]" started-at="2023-02-23T17:25:24 IST" name="three" finished-at="2023-02-23T17:25:24 IST" duration-ms="4" status="PASS">
          <reporter-output>
          </reporter-output>
        </test-method> <!-- three -->
      </class> <!-- Demo.TestNGpriority -->
    </test> <!-- Default test -->
  </suite> <!-- Default suite -->
</testng-results>
