<?xml version="1.0" encoding="UTF-8"?>
<!-- Generated by org.testng.reporters.JUnitXMLReporter -->
<testsuite ignored="0" hostname="DESKTOP-T9A9TBK" failures="0" tests="3" name="Default test" time="0.119" errors="0" timestamp="2023-02-23T17:25:24 IST">
  <testcase classname="Demo.TestNGpriority" name="four" time="0.025"/>
  <testcase classname="Demo.TestNGpriority" name="one" time="0.008"/>
  <testcase classname="Demo.TestNGpriority" name="three" time="0.004"/>
</testsuite> <!-- Default test -->
